2014/06/12 21:28:36 INFO  - jmeter.util.JMeterUtils: Setting Locale to en_US 
2014/06/12 21:28:36 INFO  - jmeter.JMeter: Loading user properties from: D:\jakarta-jmeter-2.3.4\bin\user.properties 
2014/06/12 21:28:36 INFO  - jmeter.JMeter: Loading system properties from: D:\jakarta-jmeter-2.3.4\bin\system.properties 
2014/06/12 21:28:36 INFO  - jmeter.JMeter: Copyright (c) 1998-2009 The Apache Software Foundation 
2014/06/12 21:28:36 INFO  - jmeter.JMeter: Version 2.3.4 r785646 
2014/06/12 21:28:36 INFO  - jmeter.JMeter: java.version=1.7.0_60 
2014/06/12 21:28:36 INFO  - jmeter.JMeter: java.vm.name=Java HotSpot(TM) Client VM 
2014/06/12 21:28:36 INFO  - jmeter.JMeter: os.name=Windows 2003 
2014/06/12 21:28:36 INFO  - jmeter.JMeter: os.arch=x86 
2014/06/12 21:28:36 INFO  - jmeter.JMeter: os.version=5.2 
2014/06/12 21:28:36 INFO  - jmeter.JMeter: file.encoding=UTF8 
2014/06/12 21:28:36 INFO  - jmeter.JMeter: Default Locale=English (United States) 
2014/06/12 21:28:36 INFO  - jmeter.JMeter: JMeter  Locale=English (United States) 
2014/06/12 21:28:36 INFO  - jmeter.JMeter: JMeterHome=D:\jakarta-jmeter-2.3.4 
2014/06/12 21:28:36 INFO  - jmeter.JMeter: user.dir  =D:\jakarta-jmeter-2.3.4\bin 
2014/06/12 21:28:36 INFO  - jmeter.JMeter: PWD       =D:\jakarta-jmeter-2.3.4\bin 
2014/06/12 21:28:36 INFO  - jmeter.JMeter: IP: 10.151.116.115 Name: AMAZON-E2F37860 FullName: 10.151.116.115 
2014/06/12 21:28:36 INFO  - jmeter.JMeter: Loaded icon properties from org/apache/jmeter/images/icon.properties 
2014/06/12 21:28:38 INFO  - jmeter.engine.util.CompoundVariable: Note: Function class names must contain the string: '.functions.' 
2014/06/12 21:28:38 INFO  - jmeter.engine.util.CompoundVariable: Note: Function class names must not contain the string: '.gui.' 
2014/06/12 21:28:39 ERROR - jmeter.gui.action.Help: Couldn't load help file java.io.FileNotFoundException: D:\jakarta-jmeter-2.3.4\printable_docs\usermanual\component_reference.html (The system cannot find the path specified) 
2014/06/12 21:28:40 INFO  - jmeter.util.BSFTestElement: Registering JMeter version of JavaScript engine as work-round for BSF-22 
2014/06/12 21:28:41 INFO  - jmeter.protocol.http.sampler.HTTPSamplerBase: Cannot find .className property for htmlParser, using default 
2014/06/12 21:28:41 INFO  - jmeter.protocol.http.sampler.HTTPSamplerBase: Parser for text/html is  
2014/06/12 21:28:41 INFO  - jmeter.protocol.http.sampler.HTTPSamplerBase: Parser for application/xhtml+xml is  
2014/06/12 21:28:41 INFO  - jmeter.protocol.http.sampler.HTTPSamplerBase: Parser for application/xml is  
2014/06/12 21:28:41 INFO  - jmeter.protocol.http.sampler.HTTPSamplerBase: Parser for text/xml is  
2014/06/12 21:28:41 INFO  - jmeter.protocol.http.sampler.HTTPSamplerBase: Parser for text/vnd.wap.wml is org.apache.jmeter.protocol.http.parser.RegexpHTMLParser 
2014/06/12 21:28:41 INFO  - jmeter.gui.util.MenuFactory: Skipping org.apache.jmeter.protocol.http.modifier.gui.ParamModifierGui 
2014/06/12 21:28:41 INFO  - jmeter.gui.util.MenuFactory: Skipping org.apache.jmeter.protocol.http.modifier.gui.UserParameterModifierGui 
2014/06/12 21:28:41 INFO  - jmeter.protocol.http.sampler.HTTPSampler: Maximum connection retries = 10 
2014/06/12 21:28:41 INFO  - jmeter.protocol.http.sampler.HTTPSampler: Connection and read timeouts are available on this JVM 
2014/06/12 21:28:42 WARN  - jmeter.gui.util.MenuFactory: Missing jar? Could not create org.apache.jmeter.visualizers.MailerVisualizer. java.lang.NoClassDefFoundError: javax/mail/MessagingException 
2014/06/12 21:28:42 INFO  - jmeter.samplers.SampleResult: Note: Sample TimeStamps are START times 
2014/06/12 21:28:42 INFO  - jmeter.samplers.SampleResult: sampleresult.default.encoding is set to ISO-8859-1 
2014/06/12 21:29:22 INFO  - jmeter.services.FileServer: Default base=D:\jakarta-jmeter-2.3.4\bin 
2014/06/12 21:29:22 INFO  - jmeter.gui.action.Load: Loading file: D:\API_AUTOMATION_PRODUCTION_VPN\4S_API_AUTOMATION_PRODUCTION_iPoll.jmx 
2014/06/12 21:29:22 INFO  - jmeter.services.FileServer: Set new base=D:\API_AUTOMATION_PRODUCTION_VPN 
2014/06/12 21:29:22 INFO  - jmeter.save.SaveService: Testplan (JMX) version: 2.2. Testlog (JTL) version: 2.2 
2014/06/12 21:29:22 INFO  - jmeter.save.SaveService: Using SaveService properties file encoding UTF-8 
2014/06/12 21:29:22 INFO  - jmeter.save.SaveService: Using SaveService properties file version 697317 
2014/06/12 21:29:22 INFO  - jmeter.save.SaveService: Using SaveService properties version 2.1 
2014/06/12 21:29:22 INFO  - jmeter.save.SaveService: All converter versions present and correct 
2014/06/12 21:29:22 INFO  - jmeter.protocol.http.sampler.HTTPSampler2: Local host = AMAZON-E2F37860 
2014/06/12 21:29:25 INFO  - jmeter.services.FileServer: Set new base=D:\API_AUTOMATION_PRODUCTION_VPN 
